

Microchip MPLAB XC8 Assembler V2.40 build 20220703182018 
                                                                                               Sun Jan 08 18:49:38 2023

Microchip MPLAB XC8 C Compiler v2.40 (Free license) build 20220703182018 Og1 
     1                           	processor	18F4520
     2                           	fnconf	rparam,??,?,0
     3                           	pagewidth 120
     4                           	opt	flic
     5                           	psect	cinit,global,reloc=2,class=CODE,delta=1
     6                           	psect	bssCOMRAM,global,class=COMRAM,space=1,delta=1,lowdata,noexec
     7                           	psect	cstackCOMRAM,global,class=COMRAM,space=1,delta=1,lowdata,noexec
     8                           	psect	text0,global,reloc=2,class=CODE,delta=1
     9                           	psect	text1,global,reloc=2,class=CODE,delta=1
    10                           	psect	text2,global,reloc=2,class=CODE,delta=1
    11                           	psect	text3,global,reloc=2,class=CODE,delta=1
    12                           	psect	text4,global,reloc=2,class=CODE,delta=1
    13                           	psect	text5,global,reloc=2,class=CODE,delta=1
    14                           	psect	intsave_regs,global,class=BIGRAM,space=1,delta=1,noexec
    15                           	psect	rparam,global,class=COMRAM,space=1,delta=1,noexec
    16                           	psect	idloc,global,abs,ovrld,class=IDLOC,space=5,delta=1,noexec
    17                           	psect	config,global,abs,ovrld,class=CONFIG,space=4,delta=1,noexec
    18   000000                     
    19                           ; Version 2.40
    20                           ; Generated 04/07/2022 GMT
    21                           ; 
    22                           ; Copyright © 2022, Microchip Technology Inc. and its subsidiaries ("Microchip")
    23                           ; All rights reserved.
    24                           ; 
    25                           ; This software is developed by Microchip Technology Inc. and its subsidiaries ("Microch
      +                          ip").
    26                           ; 
    27                           ; Redistribution and use in source and binary forms, with or without modification, are
    28                           ; permitted provided that the following conditions are met:
    29                           ; 
    30                           ;     1. Redistributions of source code must retain the above copyright notice, this lis
      +                          t of
    31                           ;        conditions and the following disclaimer.
    32                           ; 
    33                           ;     2. Redistributions in binary form must reproduce the above copyright notice, this 
      +                          list
    34                           ;        of conditions and the following disclaimer in the documentation and/or other
    35                           ;        materials provided with the distribution. Publication is not required when
    36                           ;        this file is used in an embedded application.
    37                           ; 
    38                           ;     3. Microchip's name may not be used to endorse or promote products derived from th
      +                          is
    39                           ;        software without specific prior written permission.
    40                           ; 
    41                           ; THIS SOFTWARE IS PROVIDED BY MICROCHIP "AS IS" AND ANY EXPRESS OR IMPLIED WARRANTIES,
    42                           ; INCLUDING, BUT NOT LIMITED TO, THE IMPLIED WARRANTIES OF MERCHANTABILITY AND FITNESS F
      +                          OR
    43                           ; PURPOSE ARE DISCLAIMED.  IN NO EVENT SHALL MICROCHIP BE LIABLE FOR ANY DIRECT, INDIREC
      +                          T,
    44                           ; INCIDENTAL, SPECIAL, EXEMPLARY, OR CONSEQUENTIAL DAMAGES (INCLUDING BUT NOT LIMITED TO
    45                           ; PROCUREMENT OF SUBSTITUTE GOODS OR SERVICES; LOSS OF USE, DATA OR PROFITS; OR BUSINESS
    46                           ; INTERRUPTION) HOWSOEVER CAUSED AND ON ANY THEORY OF LIABILITY, WHETHER IN CONTRACT, ST
      +                          RICT
    47                           ; LIABILITY, OR TORT (INCLUDING NEGLIGENCE OR OTHERWISE) ARISING IN ANY WAY OUT OF THE U
      +                          SE OF
    48                           ; THIS SOFTWARE, EVEN IF ADVISED OF THE POSSIBILITY OF SUCH DAMAGE.
    49                           ; 
    50                           ; 
    51                           ; Code-generator required, PIC18F4520 Definitions
    52                           ; 
    53                           ; SFR Addresses
    54   000000                     _PORTCbits	set	3970
    55   000000                     _PORTC	set	3970
    56   000000                     _LATD	set	3980
    57   000000                     _TRISD	set	3989
    58   000000                     _TRISC	set	3988
    59   000000                     _PORTDbits	set	3971
    60                           
    61                           ; #config settings
    62                           
    63                           	psect	cinit
    64   007BDE                     __pcinit:
    65                           	callstack 0
    66   007BDE                     start_initialization:
    67                           	callstack 0
    68   007BDE                     __initialization:
    69                           	callstack 0
    70                           
    71                           ; Clear objects allocated to COMRAM (1 bytes)
    72   007BDE  6A01               	clrf	__pbssCOMRAM& (0+255),c
    73   007BE0                     end_of_initialization:
    74                           	callstack 0
    75   007BE0                     __end_of__initialization:
    76                           	callstack 0
    77   007BE0  0100               	movlb	0
    78   007BE2  EF9D  F03E         	goto	_main	;jump to C main() function
    79                           
    80                           	psect	bssCOMRAM
    81   000001                     __pbssCOMRAM:
    82                           	callstack 0
    83   000001                     	ds	1
    84                           
    85                           	psect	cstackCOMRAM
    86   000000                     __pcstackCOMRAM:
    87                           	callstack 0
    88   000000                     
    89                           ; 1 bytes @ 0x0
    90 ;;
    91 ;;Main: autosize = 0, tempsize = 0, incstack = 0, save=0
    92 ;;
    93 ;; *************** function _main *****************
    94 ;; Defined at:
    95 ;;		line 18 in file "newmain.c"
    96 ;; Parameters:    Size  Location     Type
    97 ;;		None
    98 ;; Auto vars:     Size  Location     Type
    99 ;;		None
   100 ;; Return value:  Size  Location     Type
   101 ;;                  1    wreg      void 
   102 ;; Registers used:
   103 ;;		wreg, status,2, cstack
   104 ;; Tracked objects:
   105 ;;		On entry : 0/0
   106 ;;		On exit  : 0/0
   107 ;;		Unchanged: 0/0
   108 ;; Data sizes:     COMRAM   BANK0   BANK1   BANK2   BANK3   BANK4   BANK5
   109 ;;      Params:         0       0       0       0       0       0       0
   110 ;;      Locals:         0       0       0       0       0       0       0
   111 ;;      Temps:          0       0       0       0       0       0       0
   112 ;;      Totals:         0       0       0       0       0       0       0
   113 ;;Total ram usage:        0 bytes
   114 ;; Hardware stack levels required when called: 1
   115 ;; This function calls:
   116 ;;		_backward
   117 ;;		_forward
   118 ;;		_left
   119 ;;		_right
   120 ;;		_stop
   121 ;; This function is called by:
   122 ;;		Startup code after reset
   123 ;; This function uses a non-reentrant model
   124 ;;
   125                           
   126                           	psect	text0
   127   007D3A                     __ptext0:
   128                           	callstack 0
   129   007D3A                     _main:
   130                           	callstack 30
   131   007D3A                     
   132                           ;newmain.c: 19:     TRISD = 0x00;
   133   007D3A  0E00               	movlw	0
   134   007D3C  6E95               	movwf	149,c	;volatile
   135                           
   136                           ;newmain.c: 20:     LATD = 0x00;
   137   007D3E  0E00               	movlw	0
   138   007D40  6E8C               	movwf	140,c	;volatile
   139                           
   140                           ;newmain.c: 21:     TRISC = 0b00111111;
   141   007D42  0E3F               	movlw	63
   142   007D44  6E94               	movwf	148,c	;volatile
   143                           
   144                           ;newmain.c: 22:     PORTC = 0;
   145   007D46  0E00               	movlw	0
   146   007D48  6E82               	movwf	130,c	;volatile
   147   007D4A                     l802:
   148                           
   149                           ;newmain.c: 28:         if(!PORTCbits.RC0){
   150   007D4A  B082               	btfsc	130,0,c	;volatile
   151   007D4C  EFAA  F03E         	goto	u211
   152   007D50  EFAC  F03E         	goto	u210
   153   007D54                     u211:
   154   007D54  EFB0  F03E         	goto	l30
   155   007D58                     u210:
   156   007D58                     
   157                           ;newmain.c: 29:             forward();
   158   007D58  EC15  F03E         	call	_forward	;wreg free
   159                           
   160                           ;newmain.c: 30:         }
   161   007D5C  EFA5  F03E         	goto	l802
   162   007D60                     l30:
   163   007D60  B282               	btfsc	130,1,c	;volatile
   164   007D62  EFB5  F03E         	goto	u221
   165   007D66  EFB7  F03E         	goto	u220
   166   007D6A                     u221:
   167   007D6A  EFBB  F03E         	goto	l32
   168   007D6E                     u220:
   169   007D6E                     
   170                           ;newmain.c: 32:             backward();
   171   007D6E  ECF3  F03D         	call	_backward	;wreg free
   172                           
   173                           ;newmain.c: 33:         }
   174   007D72  EFA5  F03E         	goto	l802
   175   007D76                     l32:
   176   007D76  B682               	btfsc	130,3,c	;volatile
   177   007D78  EFC0  F03E         	goto	u231
   178   007D7C  EFC2  F03E         	goto	u230
   179   007D80                     u231:
   180   007D80  EFC6  F03E         	goto	l34
   181   007D84                     u230:
   182   007D84                     
   183                           ;newmain.c: 35:             left();
   184   007D84  EC37  F03E         	call	_left	;wreg free
   185                           
   186                           ;newmain.c: 36:         }
   187   007D88  EFA5  F03E         	goto	l802
   188   007D8C                     l34:
   189   007D8C  BA82               	btfsc	130,5,c	;volatile
   190   007D8E  EFCB  F03E         	goto	u241
   191   007D92  EFCD  F03E         	goto	u240
   192   007D96                     u241:
   193   007D96  EFD1  F03E         	goto	l36
   194   007D9A                     u240:
   195   007D9A                     
   196                           ;newmain.c: 38:             stop();
   197   007D9A  EC7B  F03E         	call	_stop	;wreg free
   198                           
   199                           ;newmain.c: 39:         }
   200   007D9E  EFA5  F03E         	goto	l802
   201   007DA2                     l36:
   202   007DA2  B882               	btfsc	130,4,c	;volatile
   203   007DA4  EFD6  F03E         	goto	u251
   204   007DA8  EFD8  F03E         	goto	u250
   205   007DAC                     u251:
   206   007DAC  EFDC  F03E         	goto	l33
   207   007DB0                     u250:
   208   007DB0                     
   209                           ;newmain.c: 41:             right();
   210   007DB0  EC59  F03E         	call	_right	;wreg free
   211   007DB4  EFA5  F03E         	goto	l802
   212   007DB8                     l33:
   213   007DB8  EFA5  F03E         	goto	l802
   214   007DBC  EF00  F000         	goto	start
   215   007DC0                     __end_of_main:
   216                           	callstack 0
   217                           
   218 ;; *************** function _stop *****************
   219 ;; Defined at:
   220 ;;		line 96 in file "newmain.c"
   221 ;; Parameters:    Size  Location     Type
   222 ;;		None
   223 ;; Auto vars:     Size  Location     Type
   224 ;;		None
   225 ;; Return value:  Size  Location     Type
   226 ;;                  1    wreg      void 
   227 ;; Registers used:
   228 ;;		None
   229 ;; Tracked objects:
   230 ;;		On entry : 0/0
   231 ;;		On exit  : 0/0
   232 ;;		Unchanged: 0/0
   233 ;; Data sizes:     COMRAM   BANK0   BANK1   BANK2   BANK3   BANK4   BANK5
   234 ;;      Params:         0       0       0       0       0       0       0
   235 ;;      Locals:         0       0       0       0       0       0       0
   236 ;;      Temps:          0       0       0       0       0       0       0
   237 ;;      Totals:         0       0       0       0       0       0       0
   238 ;;Total ram usage:        0 bytes
   239 ;; Hardware stack levels used: 1
   240 ;; This function calls:
   241 ;;		Nothing
   242 ;; This function is called by:
   243 ;;		_main
   244 ;; This function uses a non-reentrant model
   245 ;;
   246                           
   247                           	psect	text1
   248   007CF6                     __ptext1:
   249                           	callstack 0
   250   007CF6                     _stop:
   251                           	callstack 30
   252   007CF6                     l80:
   253                           
   254                           ;newmain.c: 98:         PORTDbits.RD1 = 0;
   255   007CF6  9283               	bcf	131,1,c	;volatile
   256                           
   257                           ;newmain.c: 99:         PORTDbits.RD0 = 0;
   258   007CF8  9083               	bcf	131,0,c	;volatile
   259                           
   260                           ;newmain.c: 100:         PORTDbits.RD3 = 0;
   261   007CFA  9683               	bcf	131,3,c	;volatile
   262                           
   263                           ;newmain.c: 101:         PORTDbits.RD2 = 0;
   264   007CFC  9483               	bcf	131,2,c	;volatile
   265                           
   266                           ;newmain.c: 102:         if(PORTCbits.RC1 ==0 || PORTCbits.RC3 == 0 || PORTCbits.RC4 == 
      +                          0 || PORTCbits.RC0 == 0){
   267   007CFE  A282               	btfss	130,1,c	;volatile
   268   007D00  EF84  F03E         	goto	u131
   269   007D04  EF86  F03E         	goto	u130
   270   007D08                     u131:
   271   007D08  EF9B  F03E         	goto	l83
   272   007D0C                     u130:
   273   007D0C  A682               	btfss	130,3,c	;volatile
   274   007D0E  EF8B  F03E         	goto	u141
   275   007D12  EF8D  F03E         	goto	u140
   276   007D16                     u141:
   277   007D16  EF9B  F03E         	goto	l83
   278   007D1A                     u140:
   279   007D1A  A882               	btfss	130,4,c	;volatile
   280   007D1C  EF92  F03E         	goto	u151
   281   007D20  EF94  F03E         	goto	u150
   282   007D24                     u151:
   283   007D24  EF9B  F03E         	goto	l83
   284   007D28                     u150:
   285   007D28  B082               	btfsc	130,0,c	;volatile
   286   007D2A  EF99  F03E         	goto	u161
   287   007D2E  EF9B  F03E         	goto	u160
   288   007D32                     u161:
   289   007D32  EF7B  F03E         	goto	l80
   290   007D36                     u160:
   291   007D36                     l83:
   292                           
   293                           ;newmain.c: 103:             PORTCbits.RC5 = 1;
   294   007D36  8A82               	bsf	130,5,c	;volatile
   295   007D38  0012               	return		;funcret
   296   007D3A                     __end_of_stop:
   297                           	callstack 0
   298                           
   299 ;; *************** function _right *****************
   300 ;; Defined at:
   301 ;;		line 84 in file "newmain.c"
   302 ;; Parameters:    Size  Location     Type
   303 ;;		None
   304 ;; Auto vars:     Size  Location     Type
   305 ;;		None
   306 ;; Return value:  Size  Location     Type
   307 ;;                  1    wreg      void 
   308 ;; Registers used:
   309 ;;		None
   310 ;; Tracked objects:
   311 ;;		On entry : 0/0
   312 ;;		On exit  : 0/0
   313 ;;		Unchanged: 0/0
   314 ;; Data sizes:     COMRAM   BANK0   BANK1   BANK2   BANK3   BANK4   BANK5
   315 ;;      Params:         0       0       0       0       0       0       0
   316 ;;      Locals:         0       0       0       0       0       0       0
   317 ;;      Temps:          0       0       0       0       0       0       0
   318 ;;      Totals:         0       0       0       0       0       0       0
   319 ;;Total ram usage:        0 bytes
   320 ;; Hardware stack levels used: 1
   321 ;; This function calls:
   322 ;;		Nothing
   323 ;; This function is called by:
   324 ;;		_main
   325 ;; This function uses a non-reentrant model
   326 ;;
   327                           
   328                           	psect	text2
   329   007CB2                     __ptext2:
   330                           	callstack 0
   331   007CB2                     _right:
   332                           	callstack 30
   333   007CB2                     l71:
   334                           
   335                           ;newmain.c: 86:         PORTDbits.RD1 = 1;
   336   007CB2  8283               	bsf	131,1,c	;volatile
   337                           
   338                           ;newmain.c: 87:         PORTDbits.RD0 = 0;
   339   007CB4  9083               	bcf	131,0,c	;volatile
   340                           
   341                           ;newmain.c: 88:         PORTDbits.RD3 = 0;
   342   007CB6  9683               	bcf	131,3,c	;volatile
   343                           
   344                           ;newmain.c: 89:         PORTDbits.RD2 = 0;
   345   007CB8  9483               	bcf	131,2,c	;volatile
   346                           
   347                           ;newmain.c: 90:         if(PORTCbits.RC1 ==0 || PORTCbits.RC3 == 0 || PORTCbits.RC5 == 0
      +                           || PORTCbits.RC0 == 0){
   348   007CBA  A282               	btfss	130,1,c	;volatile
   349   007CBC  EF62  F03E         	goto	u171
   350   007CC0  EF64  F03E         	goto	u170
   351   007CC4                     u171:
   352   007CC4  EF79  F03E         	goto	l74
   353   007CC8                     u170:
   354   007CC8  A682               	btfss	130,3,c	;volatile
   355   007CCA  EF69  F03E         	goto	u181
   356   007CCE  EF6B  F03E         	goto	u180
   357   007CD2                     u181:
   358   007CD2  EF79  F03E         	goto	l74
   359   007CD6                     u180:
   360   007CD6  AA82               	btfss	130,5,c	;volatile
   361   007CD8  EF70  F03E         	goto	u191
   362   007CDC  EF72  F03E         	goto	u190
   363   007CE0                     u191:
   364   007CE0  EF79  F03E         	goto	l74
   365   007CE4                     u190:
   366   007CE4  B082               	btfsc	130,0,c	;volatile
   367   007CE6  EF77  F03E         	goto	u201
   368   007CEA  EF79  F03E         	goto	u200
   369   007CEE                     u201:
   370   007CEE  EF59  F03E         	goto	l71
   371   007CF2                     u200:
   372   007CF2                     l74:
   373                           
   374                           ;newmain.c: 91:             PORTCbits.RC4 = 1;
   375   007CF2  8882               	bsf	130,4,c	;volatile
   376   007CF4  0012               	return		;funcret
   377   007CF6                     __end_of_right:
   378                           	callstack 0
   379                           
   380 ;; *************** function _left *****************
   381 ;; Defined at:
   382 ;;		line 72 in file "newmain.c"
   383 ;; Parameters:    Size  Location     Type
   384 ;;		None
   385 ;; Auto vars:     Size  Location     Type
   386 ;;		None
   387 ;; Return value:  Size  Location     Type
   388 ;;                  1    wreg      void 
   389 ;; Registers used:
   390 ;;		None
   391 ;; Tracked objects:
   392 ;;		On entry : 0/0
   393 ;;		On exit  : 0/0
   394 ;;		Unchanged: 0/0
   395 ;; Data sizes:     COMRAM   BANK0   BANK1   BANK2   BANK3   BANK4   BANK5
   396 ;;      Params:         0       0       0       0       0       0       0
   397 ;;      Locals:         0       0       0       0       0       0       0
   398 ;;      Temps:          0       0       0       0       0       0       0
   399 ;;      Totals:         0       0       0       0       0       0       0
   400 ;;Total ram usage:        0 bytes
   401 ;; Hardware stack levels used: 1
   402 ;; This function calls:
   403 ;;		Nothing
   404 ;; This function is called by:
   405 ;;		_main
   406 ;; This function uses a non-reentrant model
   407 ;;
   408                           
   409                           	psect	text3
   410   007C6E                     __ptext3:
   411                           	callstack 0
   412   007C6E                     _left:
   413                           	callstack 30
   414   007C6E                     l62:
   415                           
   416                           ;newmain.c: 74:         PORTDbits.RD1 = 0;
   417   007C6E  9283               	bcf	131,1,c	;volatile
   418                           
   419                           ;newmain.c: 75:         PORTDbits.RD0 = 0;
   420   007C70  9083               	bcf	131,0,c	;volatile
   421                           
   422                           ;newmain.c: 76:         PORTDbits.RD3 = 1;
   423   007C72  8683               	bsf	131,3,c	;volatile
   424                           
   425                           ;newmain.c: 77:         PORTDbits.RD2 = 0;
   426   007C74  9483               	bcf	131,2,c	;volatile
   427                           
   428                           ;newmain.c: 78:         if(PORTCbits.RC1 ==0 || PORTCbits.RC4 == 0 || PORTCbits.RC5 == 0
      +                           || PORTCbits.RC0 == 0){
   429   007C76  A282               	btfss	130,1,c	;volatile
   430   007C78  EF40  F03E         	goto	u91
   431   007C7C  EF42  F03E         	goto	u90
   432   007C80                     u91:
   433   007C80  EF57  F03E         	goto	l65
   434   007C84                     u90:
   435   007C84  A882               	btfss	130,4,c	;volatile
   436   007C86  EF47  F03E         	goto	u101
   437   007C8A  EF49  F03E         	goto	u100
   438   007C8E                     u101:
   439   007C8E  EF57  F03E         	goto	l65
   440   007C92                     u100:
   441   007C92  AA82               	btfss	130,5,c	;volatile
   442   007C94  EF4E  F03E         	goto	u111
   443   007C98  EF50  F03E         	goto	u110
   444   007C9C                     u111:
   445   007C9C  EF57  F03E         	goto	l65
   446   007CA0                     u110:
   447   007CA0  B082               	btfsc	130,0,c	;volatile
   448   007CA2  EF55  F03E         	goto	u121
   449   007CA6  EF57  F03E         	goto	u120
   450   007CAA                     u121:
   451   007CAA  EF37  F03E         	goto	l62
   452   007CAE                     u120:
   453   007CAE                     l65:
   454                           
   455                           ;newmain.c: 79:             PORTCbits.RC3 =1;
   456   007CAE  8682               	bsf	130,3,c	;volatile
   457   007CB0  0012               	return		;funcret
   458   007CB2                     __end_of_left:
   459                           	callstack 0
   460                           
   461 ;; *************** function _forward *****************
   462 ;; Defined at:
   463 ;;		line 47 in file "newmain.c"
   464 ;; Parameters:    Size  Location     Type
   465 ;;		None
   466 ;; Auto vars:     Size  Location     Type
   467 ;;		None
   468 ;; Return value:  Size  Location     Type
   469 ;;                  1    wreg      void 
   470 ;; Registers used:
   471 ;;		None
   472 ;; Tracked objects:
   473 ;;		On entry : 0/0
   474 ;;		On exit  : 0/0
   475 ;;		Unchanged: 0/0
   476 ;; Data sizes:     COMRAM   BANK0   BANK1   BANK2   BANK3   BANK4   BANK5
   477 ;;      Params:         0       0       0       0       0       0       0
   478 ;;      Locals:         0       0       0       0       0       0       0
   479 ;;      Temps:          0       0       0       0       0       0       0
   480 ;;      Totals:         0       0       0       0       0       0       0
   481 ;;Total ram usage:        0 bytes
   482 ;; Hardware stack levels used: 1
   483 ;; This function calls:
   484 ;;		Nothing
   485 ;; This function is called by:
   486 ;;		_main
   487 ;; This function uses a non-reentrant model
   488 ;;
   489                           
   490                           	psect	text4
   491   007C2A                     __ptext4:
   492                           	callstack 0
   493   007C2A                     _forward:
   494                           	callstack 30
   495   007C2A                     l44:
   496                           
   497                           ;newmain.c: 49:         PORTDbits.RD1 = 1;
   498   007C2A  8283               	bsf	131,1,c	;volatile
   499                           
   500                           ;newmain.c: 50:         PORTDbits.RD0 = 0;
   501   007C2C  9083               	bcf	131,0,c	;volatile
   502                           
   503                           ;newmain.c: 51:         PORTDbits.RD3 = 1;
   504   007C2E  8683               	bsf	131,3,c	;volatile
   505                           
   506                           ;newmain.c: 52:         PORTDbits.RD2 = 0;
   507   007C30  9483               	bcf	131,2,c	;volatile
   508                           
   509                           ;newmain.c: 53:         if(PORTCbits.RC3 ==0 || PORTCbits.RC4 == 0 || PORTCbits.RC5 == 0
      +                           || PORTCbits.RC1 == 0){
   510   007C32  A682               	btfss	130,3,c	;volatile
   511   007C34  EF1E  F03E         	goto	u11
   512   007C38  EF20  F03E         	goto	u10
   513   007C3C                     u11:
   514   007C3C  EF35  F03E         	goto	l47
   515   007C40                     u10:
   516   007C40  A882               	btfss	130,4,c	;volatile
   517   007C42  EF25  F03E         	goto	u21
   518   007C46  EF27  F03E         	goto	u20
   519   007C4A                     u21:
   520   007C4A  EF35  F03E         	goto	l47
   521   007C4E                     u20:
   522   007C4E  AA82               	btfss	130,5,c	;volatile
   523   007C50  EF2C  F03E         	goto	u31
   524   007C54  EF2E  F03E         	goto	u30
   525   007C58                     u31:
   526   007C58  EF35  F03E         	goto	l47
   527   007C5C                     u30:
   528   007C5C  B282               	btfsc	130,1,c	;volatile
   529   007C5E  EF33  F03E         	goto	u41
   530   007C62  EF35  F03E         	goto	u40
   531   007C66                     u41:
   532   007C66  EF15  F03E         	goto	l44
   533   007C6A                     u40:
   534   007C6A                     l47:
   535                           
   536                           ;newmain.c: 54:             PORTCbits.RC0 = 1;
   537   007C6A  8082               	bsf	130,0,c	;volatile
   538   007C6C  0012               	return		;funcret
   539   007C6E                     __end_of_forward:
   540                           	callstack 0
   541                           
   542 ;; *************** function _backward *****************
   543 ;; Defined at:
   544 ;;		line 59 in file "newmain.c"
   545 ;; Parameters:    Size  Location     Type
   546 ;;		None
   547 ;; Auto vars:     Size  Location     Type
   548 ;;		None
   549 ;; Return value:  Size  Location     Type
   550 ;;                  1    wreg      void 
   551 ;; Registers used:
   552 ;;		None
   553 ;; Tracked objects:
   554 ;;		On entry : 0/0
   555 ;;		On exit  : 0/0
   556 ;;		Unchanged: 0/0
   557 ;; Data sizes:     COMRAM   BANK0   BANK1   BANK2   BANK3   BANK4   BANK5
   558 ;;      Params:         0       0       0       0       0       0       0
   559 ;;      Locals:         0       0       0       0       0       0       0
   560 ;;      Temps:          0       0       0       0       0       0       0
   561 ;;      Totals:         0       0       0       0       0       0       0
   562 ;;Total ram usage:        0 bytes
   563 ;; Hardware stack levels used: 1
   564 ;; This function calls:
   565 ;;		Nothing
   566 ;; This function is called by:
   567 ;;		_main
   568 ;; This function uses a non-reentrant model
   569 ;;
   570                           
   571                           	psect	text5
   572   007BE6                     __ptext5:
   573                           	callstack 0
   574   007BE6                     _backward:
   575                           	callstack 30
   576   007BE6                     l53:
   577                           
   578                           ;newmain.c: 61:         PORTDbits.RD1 = 0;
   579   007BE6  9283               	bcf	131,1,c	;volatile
   580                           
   581                           ;newmain.c: 62:         PORTDbits.RD0 = 1;
   582   007BE8  8083               	bsf	131,0,c	;volatile
   583                           
   584                           ;newmain.c: 63:         PORTDbits.RD3 = 0;
   585   007BEA  9683               	bcf	131,3,c	;volatile
   586                           
   587                           ;newmain.c: 64:         PORTDbits.RD2 = 1;
   588   007BEC  8483               	bsf	131,2,c	;volatile
   589                           
   590                           ;newmain.c: 65:         if(PORTCbits.RC3 ==0|| PORTCbits.RC4 == 0 || PORTCbits.RC5 == 0 
      +                          || PORTCbits.RC0 == 0){
   591   007BEE  A682               	btfss	130,3,c	;volatile
   592   007BF0  EFFC  F03D         	goto	u51
   593   007BF4  EFFE  F03D         	goto	u50
   594   007BF8                     u51:
   595   007BF8  EF13  F03E         	goto	l56
   596   007BFC                     u50:
   597   007BFC  A882               	btfss	130,4,c	;volatile
   598   007BFE  EF03  F03E         	goto	u61
   599   007C02  EF05  F03E         	goto	u60
   600   007C06                     u61:
   601   007C06  EF13  F03E         	goto	l56
   602   007C0A                     u60:
   603   007C0A  AA82               	btfss	130,5,c	;volatile
   604   007C0C  EF0A  F03E         	goto	u71
   605   007C10  EF0C  F03E         	goto	u70
   606   007C14                     u71:
   607   007C14  EF13  F03E         	goto	l56
   608   007C18                     u70:
   609   007C18  B082               	btfsc	130,0,c	;volatile
   610   007C1A  EF11  F03E         	goto	u81
   611   007C1E  EF13  F03E         	goto	u80
   612   007C22                     u81:
   613   007C22  EFF3  F03D         	goto	l53
   614   007C26                     u80:
   615   007C26                     l56:
   616                           
   617                           ;newmain.c: 66:             PORTCbits.RC1 = 1;
   618   007C26  8282               	bsf	130,1,c	;volatile
   619   007C28  0012               	return		;funcret
   620   007C2A                     __end_of_backward:
   621                           	callstack 0
   622   000000                     
   623                           	psect	rparam
   624   000000                     
   625                           	psect	idloc
   626                           
   627                           ;Config register IDLOC0 @ 0x200000
   628                           ;	unspecified, using default values
   629   200000                     	org	2097152
   630   200000  FF                 	db	255
   631                           
   632                           ;Config register IDLOC1 @ 0x200001
   633                           ;	unspecified, using default values
   634   200001                     	org	2097153
   635   200001  FF                 	db	255
   636                           
   637                           ;Config register IDLOC2 @ 0x200002
   638                           ;	unspecified, using default values
   639   200002                     	org	2097154
   640   200002  FF                 	db	255
   641                           
   642                           ;Config register IDLOC3 @ 0x200003
   643                           ;	unspecified, using default values
   644   200003                     	org	2097155
   645   200003  FF                 	db	255
   646                           
   647                           ;Config register IDLOC4 @ 0x200004
   648                           ;	unspecified, using default values
   649   200004                     	org	2097156
   650   200004  FF                 	db	255
   651                           
   652                           ;Config register IDLOC5 @ 0x200005
   653                           ;	unspecified, using default values
   654   200005                     	org	2097157
   655   200005  FF                 	db	255
   656                           
   657                           ;Config register IDLOC6 @ 0x200006
   658                           ;	unspecified, using default values
   659   200006                     	org	2097158
   660   200006  FF                 	db	255
   661                           
   662                           ;Config register IDLOC7 @ 0x200007
   663                           ;	unspecified, using default values
   664   200007                     	org	2097159
   665   200007  FF                 	db	255
   666                           
   667                           	psect	config
   668                           
   669                           ; Padding undefined space
   670   300000                     	org	3145728
   671   300000  FF                 	db	255
   672                           
   673                           ;Config register CONFIG1H @ 0x300001
   674                           ;	Oscillator Selection bits
   675                           ;	OSC = INTIO67, Internal oscillator block, port function on RA6 and RA7
   676                           ;	Fail-Safe Clock Monitor Enable bit
   677                           ;	FCMEN = OFF, Fail-Safe Clock Monitor disabled
   678                           ;	Internal/External Oscillator Switchover bit
   679                           ;	IESO = OFF, Oscillator Switchover mode disabled
   680   300001                     	org	3145729
   681   300001  08                 	db	8
   682                           
   683                           ;Config register CONFIG2L @ 0x300002
   684                           ;	Power-up Timer Enable bit
   685                           ;	PWRT = OFF, PWRT disabled
   686                           ;	Brown-out Reset Enable bits
   687                           ;	BOREN = SBORDIS, Brown-out Reset enabled in hardware only (SBOREN is disabled)
   688                           ;	Brown Out Reset Voltage bits
   689                           ;	BORV = 3, Minimum setting
   690   300002                     	org	3145730
   691   300002  1F                 	db	31
   692                           
   693                           ;Config register CONFIG2H @ 0x300003
   694                           ;	Watchdog Timer Enable bit
   695                           ;	WDT = OFF, WDT disabled (control is placed on the SWDTEN bit)
   696                           ;	Watchdog Timer Postscale Select bits
   697                           ;	WDTPS = 32768, 1:32768
   698   300003                     	org	3145731
   699   300003  1E                 	db	30
   700                           
   701                           ; Padding undefined space
   702   300004                     	org	3145732
   703   300004  FF                 	db	255
   704                           
   705                           ;Config register CONFIG3H @ 0x300005
   706                           ;	CCP2 MUX bit
   707                           ;	CCP2MX = PORTC, CCP2 input/output is multiplexed with RC1
   708                           ;	PORTB A/D Enable bit
   709                           ;	PBADEN = OFF, PORTB<4:0> pins are configured as digital I/O on Reset
   710                           ;	Low-Power Timer1 Oscillator Enable bit
   711                           ;	LPT1OSC = OFF, Timer1 configured for higher power operation
   712                           ;	MCLR Pin Enable bit
   713                           ;	MCLRE = OFF, RE3 input pin enabled; MCLR disabled
   714   300005                     	org	3145733
   715   300005  01                 	db	1
   716                           
   717                           ;Config register CONFIG4L @ 0x300006
   718                           ;	Stack Full/Underflow Reset Enable bit
   719                           ;	STVREN = ON, Stack full/underflow will cause Reset
   720                           ;	Single-Supply ICSP Enable bit
   721                           ;	LVP = OFF, Single-Supply ICSP disabled
   722                           ;	Extended Instruction Set Enable bit
   723                           ;	XINST = OFF, Instruction set extension and Indexed Addressing mode disabled (Legacy mo
      +                          de)
   724                           ;	Background Debugger Enable bit
   725                           ;	DEBUG = 0x1, unprogrammed default
   726   300006                     	org	3145734
   727   300006  81                 	db	129
   728                           
   729                           ; Padding undefined space
   730   300007                     	org	3145735
   731   300007  FF                 	db	255
   732                           
   733                           ;Config register CONFIG5L @ 0x300008
   734                           ;	Code Protection bit
   735                           ;	CP0 = OFF, Block 0 (000800-001FFFh) not code-protected
   736                           ;	Code Protection bit
   737                           ;	CP1 = OFF, Block 1 (002000-003FFFh) not code-protected
   738                           ;	Code Protection bit
   739                           ;	CP2 = OFF, Block 2 (004000-005FFFh) not code-protected
   740                           ;	Code Protection bit
   741                           ;	CP3 = OFF, Block 3 (006000-007FFFh) not code-protected
   742   300008                     	org	3145736
   743   300008  0F                 	db	15
   744                           
   745                           ;Config register CONFIG5H @ 0x300009
   746                           ;	Boot Block Code Protection bit
   747                           ;	CPB = OFF, Boot block (000000-0007FFh) not code-protected
   748                           ;	Data EEPROM Code Protection bit
   749                           ;	CPD = OFF, Data EEPROM not code-protected
   750   300009                     	org	3145737
   751   300009  C0                 	db	192
   752                           
   753                           ;Config register CONFIG6L @ 0x30000A
   754                           ;	Write Protection bit
   755                           ;	WRT0 = OFF, Block 0 (000800-001FFFh) not write-protected
   756                           ;	Write Protection bit
   757                           ;	WRT1 = OFF, Block 1 (002000-003FFFh) not write-protected
   758                           ;	Write Protection bit
   759                           ;	WRT2 = OFF, Block 2 (004000-005FFFh) not write-protected
   760                           ;	Write Protection bit
   761                           ;	WRT3 = OFF, Block 3 (006000-007FFFh) not write-protected
   762   30000A                     	org	3145738
   763   30000A  0F                 	db	15
   764                           
   765                           ;Config register CONFIG6H @ 0x30000B
   766                           ;	Configuration Register Write Protection bit
   767                           ;	WRTC = OFF, Configuration registers (300000-3000FFh) not write-protected
   768                           ;	Boot Block Write Protection bit
   769                           ;	WRTB = OFF, Boot block (000000-0007FFh) not write-protected
   770                           ;	Data EEPROM Write Protection bit
   771                           ;	WRTD = OFF, Data EEPROM not write-protected
   772   30000B                     	org	3145739
   773   30000B  E0                 	db	224
   774                           
   775                           ;Config register CONFIG7L @ 0x30000C
   776                           ;	Table Read Protection bit
   777                           ;	EBTR0 = OFF, Block 0 (000800-001FFFh) not protected from table reads executed in other
      +                           blocks
   778                           ;	Table Read Protection bit
   779                           ;	EBTR1 = OFF, Block 1 (002000-003FFFh) not protected from table reads executed in other
      +                           blocks
   780                           ;	Table Read Protection bit
   781                           ;	EBTR2 = OFF, Block 2 (004000-005FFFh) not protected from table reads executed in other
      +                           blocks
   782                           ;	Table Read Protection bit
   783                           ;	EBTR3 = OFF, Block 3 (006000-007FFFh) not protected from table reads executed in other
      +                           blocks
   784   30000C                     	org	3145740
   785   30000C  0F                 	db	15
   786                           
   787                           ;Config register CONFIG7H @ 0x30000D
   788                           ;	Boot Block Table Read Protection bit
   789                           ;	EBTRB = OFF, Boot block (000000-0007FFh) not protected from table reads executed in ot
      +                          her blocks
   790   30000D                     	org	3145741
   791   30000D  40                 	db	64
   792                           tosu	equ	0xFFF
   793                           tosh	equ	0xFFE
   794                           tosl	equ	0xFFD
   795                           stkptr	equ	0xFFC
   796                           pclatu	equ	0xFFB
   797                           pclath	equ	0xFFA
   798                           pcl	equ	0xFF9
   799                           tblptru	equ	0xFF8
   800                           tblptrh	equ	0xFF7
   801                           tblptrl	equ	0xFF6
   802                           tablat	equ	0xFF5
   803                           prodh	equ	0xFF4
   804                           prodl	equ	0xFF3
   805                           indf0	equ	0xFEF
   806                           postinc0	equ	0xFEE
   807                           postdec0	equ	0xFED
   808                           preinc0	equ	0xFEC
   809                           plusw0	equ	0xFEB
   810                           fsr0h	equ	0xFEA
   811                           fsr0l	equ	0xFE9
   812                           wreg	equ	0xFE8
   813                           indf1	equ	0xFE7
   814                           postinc1	equ	0xFE6
   815                           postdec1	equ	0xFE5
   816                           preinc1	equ	0xFE4
   817                           plusw1	equ	0xFE3
   818                           fsr1h	equ	0xFE2
   819                           fsr1l	equ	0xFE1
   820                           bsr	equ	0xFE0
   821                           indf2	equ	0xFDF
   822                           postinc2	equ	0xFDE
   823                           postdec2	equ	0xFDD
   824                           preinc2	equ	0xFDC
   825                           plusw2	equ	0xFDB
   826                           fsr2h	equ	0xFDA
   827                           fsr2l	equ	0xFD9
   828                           status	equ	0xFD8

Data Sizes:
    Strings     0
    Constant    0
    Data        0
    BSS         1
    Persistent  0
    Stack       0

Auto Spaces:
    Space          Size  Autos    Used
    COMRAM          127      0       1
    BANK0           128      0       0
    BANK1           256      0       0
    BANK2           256      0       0
    BANK3           256      0       0
    BANK4           256      0       0
    BANK5           244      0       0

Pointer List with Targets:

    None.

Critical Paths under _main in COMRAM

    None.

Critical Paths under _main in BANK0

    None.

Critical Paths under _main in BANK1

    None.

Critical Paths under _main in BANK2

    None.

Critical Paths under _main in BANK3

    None.

Critical Paths under _main in BANK4

    None.

Critical Paths under _main in BANK5

    None.

Call Graph Tables:

 ---------------------------------------------------------------------------------
 (Depth) Function   	        Calls       Base Space   Used Autos Params    Refs
 ---------------------------------------------------------------------------------
 (0) _main                                                 0     0      0       0
                           _backward
                            _forward
                               _left
                              _right
                               _stop
 ---------------------------------------------------------------------------------
 (1) _stop                                                 0     0      0       0
 ---------------------------------------------------------------------------------
 (1) _right                                                0     0      0       0
 ---------------------------------------------------------------------------------
 (1) _left                                                 0     0      0       0
 ---------------------------------------------------------------------------------
 (1) _forward                                              0     0      0       0
 ---------------------------------------------------------------------------------
 (1) _backward                                             0     0      0       0
 ---------------------------------------------------------------------------------
 Estimated maximum stack depth 1
 ---------------------------------------------------------------------------------

 Call Graph Graphs:

 _main (ROOT)
   _backward
   _forward
   _left
   _right
   _stop

 Address spaces:
Name               Size   Autos  Total    Cost      Usage
BIGRAM             5F3      0       0      25        0.0%
EEDATA             100      0       0       0        0.0%
BITBANK4           100      0       0      11        0.0%
BANK4              100      0       0      12        0.0%
BITBANK3           100      0       0       9        0.0%
BANK3              100      0       0      10        0.0%
BITBANK2           100      0       0       7        0.0%
BANK2              100      0       0       8        0.0%
BITBANK1           100      0       0       5        0.0%
BANK1              100      0       0       6        0.0%
BITBANK5            F4      0       0      13        0.0%
BANK5               F4      0       0      14        0.0%
BITBANK0            80      0       0       3        0.0%
BANK0               80      0       0       4        0.0%
BITCOMRAM           7F      0       0       0        0.0%
COMRAM              7F      0       1       1        0.8%
BITBIGSFR_1         37      0       0      19        0.0%
BITBIGSFR_5          D      0       0      15        0.0%
BITBIGSFRllh         8      0       0      22        0.0%
BITBIGSFRlh          7      0       0      21        0.0%
BITBIGSFRh           6      0       0      20        0.0%
BITBIGSFR_2          6      0       0      18        0.0%
BITBIGSFR_4          3      0       0      16        0.0%
BITBIGSFR_3          3      0       0      17        0.0%
BITBIGSFRlll         2      0       0      23        0.0%
BIGSFR_5             0      0       0     200        0.0%
BIGSFR_4             0      0       0     200        0.0%
BIGSFR_3             0      0       0     200        0.0%
BIGSFR_2             0      0       0     200        0.0%
BIGSFR_1             0      0       0     200        0.0%
BIGSFR               0      0       0     200        0.0%
BITSFR_5             0      0       0     200        0.0%
SFR_5                0      0       0     200        0.0%
BITSFR_4             0      0       0     200        0.0%
SFR_4                0      0       0     200        0.0%
BITSFR_3             0      0       0     200        0.0%
SFR_3                0      0       0     200        0.0%
BITSFR_2             0      0       0     200        0.0%
SFR_2                0      0       0     200        0.0%
BITSFR_1             0      0       0     200        0.0%
SFR_1                0      0       0     200        0.0%
BITSFR               0      0       0     200        0.0%
SFR                  0      0       0     200        0.0%
STACK                0      0       0       2        0.0%
NULL                 0      0       0       0        0.0%
ABS                  0      0       1      24        0.0%
DATA                 0      0       1      26        0.0%
CODE                 0      0       0       0        0.0%


Microchip Technology PIC18 Macro Assembler V2.40 build 20220703182018 
Symbol Table                                                                                   Sun Jan 08 18:49:38 2023

                     l30 7D60                       l32 7D76                       l33 7DB8  
                     l50 7C6C                       l34 7D8C                       l44 7C2A  
                     l36 7DA2                       l53 7BE6                       l62 7C6E  
                     l47 7C6A                       l71 7CB2                       l56 7C26  
                     l80 7CF6                       l65 7CAE                       l74 7CF2  
                     l59 7C28                       l83 7D36                       l68 7CB0  
                     l77 7CF4                       l86 7D38                       u10 7C40  
                     u11 7C3C                       u20 7C4E                       u21 7C4A  
                     u30 7C5C                       u31 7C58                       u40 7C6A  
                     u41 7C66                       u50 7BFC                       u51 7BF8  
                     u60 7C0A                       u61 7C06                       u70 7C18  
                     u71 7C14                       u80 7C26                       u81 7C22  
                     u90 7C84                       u91 7C80                      l800 7D3A  
                    l810 7D9A                      l802 7D4A                      l812 7DB0  
                    l804 7D58                      l806 7D6E                      l808 7D84  
                    l770 7C40                      l780 7C18                      l772 7C4E  
                    l774 7C5C                      l782 7C84                      l790 7D1A  
                    l776 7BFC                      l784 7C92                      l792 7D28  
                    l778 7C0A                      l786 7CA0                      l794 7CC8  
                    l796 7CD6                      l788 7D0C                      l798 7CE4  
                    u100 7C92                      u101 7C8E                      u110 7CA0  
                    u111 7C9C                      u120 7CAE                      u200 7CF2  
                    u121 7CAA                      u201 7CEE                      u130 7D0C  
                    u210 7D58                      u131 7D08                      u211 7D54  
                    u140 7D1A                      u220 7D6E                      u141 7D16  
                    u221 7D6A                      u150 7D28                      u230 7D84  
                    u151 7D24                      u231 7D80                      u160 7D36  
                    u240 7D9A                      u161 7D32                      u241 7D96  
                    u170 7CC8                      u250 7DB0                      u171 7CC4  
                    u251 7DAC                      u180 7CD6                      u181 7CD2  
                    u190 7CE4                      u191 7CE0        main@buttonDisable 0001  
                   _LATD 000F8C                     _main 7D3A                     _left 7C6E  
                   _stop 7CF6                     start 0000             ___param_bank 000000  
                  ?_main 0000                    ?_left 0000                    ?_stop 0000  
                  _PORTC 000F82                    _TRISC 000F94                    _TRISD 000F95  
        __end_of_forward 7C6E                    _right 7CB2          __initialization 7BDE  
           __end_of_main 7DC0             __end_of_left 7CB2             __end_of_stop 7D3A  
                 ??_main 0000                   ??_left 0000                   ??_stop 0000  
          __activetblptr 000000                   ?_right 0000         __end_of_backward 7C2A  
                 isa$std 000001                ??_forward 0000               __accesstop 0080  
__end_of__initialization 7BE0            ___rparam_used 000001           __pcstackCOMRAM 0000  
          __end_of_right 7CF6                  ??_right 0000                ?_backward 0000  
                __Hparam 0000                  __Lparam 0000                  __pcinit 7BDE  
                __ramtop 0600                  __ptext0 7D3A                  __ptext1 7CF6  
                __ptext2 7CB2                  __ptext3 7C6E                  __ptext4 7C2A  
                __ptext5 7BE6               ??_backward 0000                  _forward 7C2A  
   end_of_initialization 7BE0                _PORTCbits 000F82                _PORTDbits 000F83  
    start_initialization 7BDE              __pbssCOMRAM 0001                 ?_forward 0000  
               __Hrparam 0000                 __Lrparam 0000                 _backward 7BE6  
               isa$xinst 000000  
